+---------------+
| DEDRI Vaccine |
+---------------+
Wednesday, November 13, 2019 5:44:26 PM
    (Running detection of infected thread)
        (ProcMon Tracing running for 70 seconds)
        (ProcMon convert PML to CSV)
Infected Thread:
    5844 in Explorer.exe
    Thread 5844 suspended
Infected Dirs:
    C:\WINDOWS\System32\uZynH
    C:\Users\admin\AppData\Roaming\9T1m
    C:\Users\user2\AppData\Roaming\EgJMB2
    C:\Users\user1\AppData\Roaming\A3e2Hg
    C:\Users\user1\AppData\Roaming\wAwyh
    C:\Users\user\AppData\Roaming\ApW1pt
Infected Tasks:
    \Cituczwakmgniyj -> C:\WINDOWS\system32\uZynH\SppExtComObj.Exe 
    \Qqqoyugknzwuce -> C:\Users\admin\AppData\Roaming\9T1m\wermgr.exe 
    \Tjbtnc -> C:\Users\user\AppData\Roaming\ApW1pt\wermgr.exe 
    \Zjpblrxgbzbvkv -> C:\Users\user2\AppData\Roaming\EgJMB2\wermgr.exe 
Infected Startups:
    C:\Users\user1\AppData\Roaming\Microsoft\Windows\Start Menu\Programs\Startup\Rtvuylbuengipk.lnk
Infected Autoruns:
    HKEY_USERS\S-1-5-21-254018323-656874600-324685044-114009\SOFTWARE\Microsoft\Windows\CurrentVersion\Run:Rtvuylbuengipk -> C:\Users\user1\AppData\Roaming\A3e2Hg\FXSCOVER.exe
Removing infected dirs:
    C:\WINDOWS\System32\uZynH
    C:\Users\admin\AppData\Roaming\9T1m
    C:\Users\user2\AppData\Roaming\EgJMB2
    C:\Users\user1\AppData\Roaming\A3e2Hg
    C:\Users\user1\AppData\Roaming\wAwyh
    C:\Users\user\AppData\Roaming\ApW1pt
Removing tasks:
    \Cituczwakmgniyj -> C:\WINDOWS\system32\uZynH\SppExtComObj.Exe 
    \Qqqoyugknzwuce -> C:\Users\admin\AppData\Roaming\9T1m\wermgr.exe 
    \Tjbtnc -> C:\Users\user\AppData\Roaming\ApW1pt\wermgr.exe 
    \Zjpblrxgbzbvkv -> C:\Users\user2\AppData\Roaming\EgJMB2\wermgr.exe 
Removing startups:
    C:\Users\user1\AppData\Roaming\Microsoft\Windows\Start Menu\Programs\Startup\Rtvuylbuengipk.lnk
Removing autoruns:
    HKEY_USERS\S-1-5-21-254018323-656874600-324685044-114009\SOFTWARE\Microsoft\Windows\CurrentVersion\Run:Rtvuylbuengipk
    Error 5 with native terminating thread
    Trying ProcesHacker tool
    (Removing temporary files)
Prevention:
    BitPaymer Prevention created
Wednesday, November 13, 2019 5:46:36 PM
===========================================================
